2024-09-30T08:12:23.303Z P:1212 T:12900] SyncServiceImpl::ResetEngine,Reset engine with reason: 8
2024-09-30T08:12:23.303Z P:1212 T:12900] ModelLoadManager::Stop,Stopped: Bookmarks
2024-09-30T08:12:23.304Z P:1212 T:12900] ModelLoadManager::Stop,Stopped: Preferences
2024-09-30T08:12:23.304Z P:1212 T:12900] ModelLoadManager::Stop,Stopped: Passwords
2024-09-30T08:12:23.304Z P:1212 T:12900] ModelLoadManager::Stop,Stopped: Autofill Profiles
2024-09-30T08:12:23.304Z P:1212 T:12900] ModelLoadManager::Stop,Stopped: Autofill
2024-09-30T08:12:23.304Z P:1212 T:12900] ModelLoadManager::Stop,Stopped: Typed URLs
2024-09-30T08:12:23.304Z P:1212 T:12900] ModelLoadManager::Stop,Stopped: Extensions
2024-09-30T08:12:23.304Z P:1212 T:12900] ModelLoadManager::Stop,Stopped: Sessions
2024-09-30T08:12:23.304Z P:1212 T:12900] ModelLoadManager::Stop,Stopped: Extension settings
2024-09-30T08:12:23.304Z P:1212 T:12900] ModelLoadManager::Stop,Stopped: History Delete Directives
2024-09-30T08:12:23.304Z P:1212 T:12900] ModelLoadManager::Stop,Stopped: Device Info
2024-09-30T08:12:23.304Z P:1212 T:12900] ModelLoadManager::Stop,Stopped: User Consents
2024-09-30T08:12:23.304Z P:1212 T:12900] ModelLoadManager::Stop,Stopped: Send Tab To Self
2024-09-30T08:12:23.304Z P:1212 T:12900] ModelLoadManager::Stop,Stopped: Web Apps
2024-09-30T08:12:23.304Z P:1212 T:12900] ModelLoadManager::Stop,Stopped: History
2024-09-30T08:12:23.304Z P:1212 T:12900] ModelLoadManager::Stop,Stopped: Collection
2024-09-30T08:12:23.304Z P:1212 T:12900] ModelLoadManager::Stop,Stopped: Edge E Drop
2024-09-30T08:12:23.304Z P:1212 T:12900] ModelLoadManager::Stop,Stopped: Edge Hub App Usage
2024-09-30T08:12:23.304Z P:1212 T:12900] ModelLoadManager::Stop,Stopped: Edge Tab Group
2024-09-30T08:12:23.304Z P:1212 T:12900] ModelLoadManager::Stop,Stopped: Edge Wallet
2024-09-30T08:12:23.304Z P:1212 T:12900] SyncServiceImpl::Initialize,SyncState after authenticated was: NotSignedIn
2024-09-30T08:12:23.304Z P:1212 T:12900] SyncServiceImpl::ResetEngine,Reset engine with reason: 3
2024-09-30T08:12:23.304Z P:1212 T:12900] ModelLoadManager::Stop,Stopped: Bookmarks
2024-09-30T08:12:23.304Z P:1212 T:12900] ModelLoadManager::Stop,Stopped: Preferences
2024-09-30T08:12:23.304Z P:1212 T:12900] ModelLoadManager::Stop,Stopped: Passwords
2024-09-30T08:12:23.304Z P:1212 T:12900] ModelLoadManager::Stop,Stopped: Autofill Profiles
2024-09-30T08:12:23.304Z P:1212 T:12900] ModelLoadManager::Stop,Stopped: Autofill
2024-09-30T08:12:23.304Z P:1212 T:12900] ModelLoadManager::Stop,Stopped: Typed URLs
2024-09-30T08:12:23.304Z P:1212 T:12900] ModelLoadManager::Stop,Stopped: Extensions
2024-09-30T08:12:23.304Z P:1212 T:12900] ModelLoadManager::Stop,Stopped: Sessions
2024-09-30T08:12:23.304Z P:1212 T:12900] ModelLoadManager::Stop,Stopped: Extension settings
2024-09-30T08:12:23.304Z P:1212 T:12900] ModelLoadManager::Stop,Stopped: History Delete Directives
2024-09-30T08:12:23.304Z P:1212 T:12900] ModelLoadManager::Stop,Stopped: Device Info
2024-09-30T08:12:23.304Z P:1212 T:12900] ModelLoadManager::Stop,Stopped: User Consents
2024-09-30T08:12:23.304Z P:1212 T:12900] ModelLoadManager::Stop,Stopped: Send Tab To Self
2024-09-30T08:12:23.304Z P:1212 T:12900] ModelLoadManager::Stop,Stopped: Web Apps
2024-09-30T08:12:23.304Z P:1212 T:12900] ModelLoadManager::Stop,Stopped: History
2024-09-30T08:12:23.304Z P:1212 T:12900] ModelLoadManager::Stop,Stopped: Collection
2024-09-30T08:12:23.304Z P:1212 T:12900] ModelLoadManager::Stop,Stopped: Edge E Drop
2024-09-30T08:12:23.304Z P:1212 T:12900] ModelLoadManager::Stop,Stopped: Edge Hub App Usage
2024-09-30T08:12:23.304Z P:1212 T:12900] ModelLoadManager::Stop,Stopped: Edge Tab Group
2024-09-30T08:12:23.304Z P:1212 T:12900] ModelLoadManager::Stop,Stopped: Edge Wallet
2024-09-30T08:12:24.374Z P:1212 T:12900] SyncServiceImpl::ResetEngine,Reset engine with reason: 8
2024-09-30T08:12:24.374Z P:1212 T:12900] ModelLoadManager::Stop,Stopped: Bookmarks
2024-09-30T08:12:24.374Z P:1212 T:12900] ModelLoadManager::Stop,Stopped: Preferences
2024-09-30T08:12:24.374Z P:1212 T:12900] ModelLoadManager::Stop,Stopped: Passwords
2024-09-30T08:12:24.374Z P:1212 T:12900] ModelLoadManager::Stop,Stopped: Autofill Profiles
2024-09-30T08:12:24.374Z P:1212 T:12900] ModelLoadManager::Stop,Stopped: Autofill
2024-09-30T08:12:24.374Z P:1212 T:12900] ModelLoadManager::Stop,Stopped: Typed URLs
2024-09-30T08:12:24.374Z P:1212 T:12900] ModelLoadManager::Stop,Stopped: Extensions
2024-09-30T08:12:24.375Z P:1212 T:12900] ModelLoadManager::Stop,Stopped: Sessions
2024-09-30T08:12:24.375Z P:1212 T:12900] ModelLoadManager::Stop,Stopped: Extension settings
2024-09-30T08:12:24.375Z P:1212 T:12900] ModelLoadManager::Stop,Stopped: History Delete Directives
2024-09-30T08:12:24.375Z P:1212 T:12900] ModelLoadManager::Stop,Stopped: Device Info
2024-09-30T08:12:24.375Z P:1212 T:12900] ModelLoadManager::Stop,Stopped: User Consents
2024-09-30T08:12:24.375Z P:1212 T:12900] ModelLoadManager::Stop,Stopped: Send Tab To Self
2024-09-30T08:12:24.375Z P:1212 T:12900] ModelLoadManager::Stop,Stopped: Web Apps
2024-09-30T08:12:24.375Z P:1212 T:12900] ModelLoadManager::Stop,Stopped: History
2024-09-30T08:12:24.375Z P:1212 T:12900] ModelLoadManager::Stop,Stopped: Collection
2024-09-30T08:12:24.375Z P:1212 T:12900] ModelLoadManager::Stop,Stopped: Edge E Drop
2024-09-30T08:12:24.375Z P:1212 T:12900] ModelLoadManager::Stop,Stopped: Edge Hub App Usage
2024-09-30T08:12:24.375Z P:1212 T:12900] ModelLoadManager::Stop,Stopped: Edge Tab Group
2024-09-30T08:12:24.375Z P:1212 T:12900] ModelLoadManager::Stop,Stopped: Edge Wallet
2024-09-30T09:11:27.095Z P:1212 T:12900] SyncServiceImpl::ResetEngine,Reset engine with reason: 0
2024-09-30T10:34:50.582Z P:7564 T:4308] SyncServiceImpl::Initialize,SyncState after authenticated was: FeatureNotRequestedNotSetup
